2015-07-13 14:27:51.676  INFO 6840 --- [main] demo.SpringTestApplication               : Starting SpringTestApplication on LT243-27 with PID 6840 (D:\Users\t_wilker\git\spring-data-elasticsearch\target\classes started by t_wilker in D:\Users\t_wilker\git\spring-data-elasticsearch)
2015-07-13 14:27:51.716  INFO 6840 --- [main] ationConfigEmbeddedWebApplicationContext : Refreshing org.springframework.boot.context.embedded.AnnotationConfigEmbeddedWebApplicationContext@5fcd892a: startup date [Mon Jul 13 14:27:51 CEST 2015]; root of context hierarchy
2015-07-13 14:27:53.347  INFO 6840 --- [main] o.s.b.f.s.DefaultListableBeanFactory     : Overriding bean definition for bean 'elasticsearchTemplate': replacing [Root bean: class [null]; scope=; abstract=false; lazyInit=false; autowireMode=3; dependencyCheck=0; autowireCandidate=true; primary=false; factoryBeanName=webConfigSupport; factoryMethodName=elasticsearchTemplate; initMethodName=null; destroyMethodName=(inferred); defined in class path resource [demo/WebConfigSupport.class]] with [Root bean: class [null]; scope=; abstract=false; lazyInit=false; autowireMode=3; dependencyCheck=0; autowireCandidate=true; primary=false; factoryBeanName=org.springframework.boot.autoconfigure.elasticsearch.ElasticsearchDataAutoConfiguration; factoryMethodName=elasticsearchTemplate; initMethodName=null; destroyMethodName=(inferred); defined in class path resource [org/springframework/boot/autoconfigure/elasticsearch/ElasticsearchDataAutoConfiguration.class]]
2015-07-13 14:27:53.970  INFO 6840 --- [main] trationDelegate$BeanPostProcessorChecker : Bean 'org.springframework.transaction.annotation.ProxyTransactionManagementConfiguration' of type [class org.springframework.transaction.annotation.ProxyTransactionManagementConfiguration$$EnhancerBySpringCGLIB$$837498b0] is not eligible for getting processed by all BeanPostProcessors (for example: not eligible for auto-proxying)
2015-07-13 14:27:54.118  INFO 6840 --- [main] trationDelegate$BeanPostProcessorChecker : Bean 'transactionAttributeSource' of type [class org.springframework.transaction.annotation.AnnotationTransactionAttributeSource] is not eligible for getting processed by all BeanPostProcessors (for example: not eligible for auto-proxying)
2015-07-13 14:27:54.129  INFO 6840 --- [main] trationDelegate$BeanPostProcessorChecker : Bean 'transactionInterceptor' of type [class org.springframework.transaction.interceptor.TransactionInterceptor] is not eligible for getting processed by all BeanPostProcessors (for example: not eligible for auto-proxying)
2015-07-13 14:27:54.134  INFO 6840 --- [main] trationDelegate$BeanPostProcessorChecker : Bean 'org.springframework.transaction.config.internalTransactionAdvisor' of type [class org.springframework.transaction.interceptor.BeanFactoryTransactionAttributeSourceAdvisor] is not eligible for getting processed by all BeanPostProcessors (for example: not eligible for auto-proxying)
2015-07-13 14:27:54.714  INFO 6840 --- [main] s.b.c.e.t.TomcatEmbeddedServletContainer : Tomcat initialized with port(s): 8080 (http)
2015-07-13 14:27:55.030  INFO 6840 --- [main] o.apache.catalina.core.StandardService   : Starting service Tomcat
2015-07-13 14:27:55.031  INFO 6840 --- [main] org.apache.catalina.core.StandardEngine  : Starting Servlet Engine: Apache Tomcat/8.0.20
2015-07-13 14:27:55.171  INFO 6840 --- [localhost-startStop-1] o.a.c.c.C.[Tomcat].[localhost].[/]       : Initializing Spring embedded WebApplicationContext
2015-07-13 14:27:55.171  INFO 6840 --- [localhost-startStop-1] o.s.web.context.ContextLoader            : Root WebApplicationContext: initialization completed in 3459 ms
2015-07-13 14:27:55.321  INFO 6840 --- [localhost-startStop-1] o.s.b.c.e.ServletRegistrationBean        : Mapping servlet: 'dispatcherServlet' to [/]
2015-07-13 14:27:55.325  INFO 6840 --- [localhost-startStop-1] o.s.b.c.embedded.FilterRegistrationBean  : Mapping filter: 'characterEncodingFilter' to: [/*]
2015-07-13 14:27:55.659  INFO 6840 --- [main] j.LocalContainerEntityManagerFactoryBean : Building JPA container EntityManagerFactory for persistence unit 'default'
2015-07-13 14:27:55.671  INFO 6840 --- [main] o.hibernate.jpa.internal.util.LogHelper  : HHH000204: Processing PersistenceUnitInfo [
	name: default
	...]
2015-07-13 14:27:55.773  INFO 6840 --- [main] org.hibernate.Version                    : HHH000412: Hibernate Core {4.3.8.Final}
2015-07-13 14:27:55.775  INFO 6840 --- [main] org.hibernate.cfg.Environment            : HHH000206: hibernate.properties not found
2015-07-13 14:27:55.777  INFO 6840 --- [main] org.hibernate.cfg.Environment            : HHH000021: Bytecode provider name : javassist
2015-07-13 14:27:56.350  INFO 6840 --- [main] o.hibernate.annotations.common.Version   : HCANN000001: Hibernate Commons Annotations {4.0.5.Final}
2015-07-13 14:27:56.868  INFO 6840 --- [main] org.hibernate.dialect.Dialect            : HHH000400: Using dialect: org.hibernate.dialect.MySQL5Dialect
2015-07-13 14:27:57.037  INFO 6840 --- [main] o.h.h.i.ast.ASTQueryTranslatorFactory    : HHH000397: Using ASTQueryTranslatorFactory
2015-07-13 14:27:57.288  INFO 6840 --- [main] org.hibernate.tool.hbm2ddl.SchemaExport  : HHH000227: Running hbm2ddl schema export
2015-07-13 14:27:57.366  INFO 6840 --- [main] org.hibernate.tool.hbm2ddl.SchemaExport  : HHH000230: Schema export complete
2015-07-13 14:27:57.719  INFO 6840 --- [main] org.elasticsearch.node                   : [Giant-Man] version[1.3.2], pid[6840], build[dee175d/2014-08-13T14:29:30Z]
2015-07-13 14:27:57.719  INFO 6840 --- [main] org.elasticsearch.node                   : [Giant-Man] initializing ...
2015-07-13 14:27:57.722  INFO 6840 --- [main] org.elasticsearch.plugins                : [Giant-Man] loaded [], sites []
2015-07-13 14:27:59.283  INFO 6840 --- [main] org.elasticsearch.node                   : [Giant-Man] initialized
2015-07-13 14:27:59.283  INFO 6840 --- [main] org.elasticsearch.node                   : [Giant-Man] starting ...
2015-07-13 14:27:59.291  INFO 6840 --- [main] org.elasticsearch.transport              : [Giant-Man] bound_address {local[1]}, publish_address {local[1]}
2015-07-13 14:27:59.302  INFO 6840 --- [main] org.elasticsearch.discovery              : [Giant-Man] elasticsearch/j6B2ogc9RAas4Quf70WndA
2015-07-13 14:27:59.303  INFO 6840 --- [elasticsearch[Giant-Man][clusterService#updateTask][T#1]] org.elasticsearch.cluster.service        : [Giant-Man] new_master [Giant-Man][j6B2ogc9RAas4Quf70WndA][LT243-27][local[1]]{local=true}, reason: local-disco-initial_connect(master)
2015-07-13 14:27:59.321  INFO 6840 --- [main] org.elasticsearch.node                   : [Giant-Man] started
2015-07-13 14:27:59.831  INFO 6840 --- [elasticsearch[Giant-Man][clusterService#updateTask][T#1]] org.elasticsearch.gateway                : [Giant-Man] recovered [1] indices into cluster_state
2015-07-13 14:28:00.986  INFO 6840 --- [main] s.w.s.m.m.a.RequestMappingHandlerMapping : Mapped "{[/book/init],methods=[GET],params=[],headers=[],consumes=[],produces=[],custom=[]}" onto public java.lang.Iterable<demo.model.Book> demo.controller.BookController.init()
2015-07-13 14:28:00.986  INFO 6840 --- [main] s.w.s.m.m.a.RequestMappingHandlerMapping : Mapped "{[/book/filter],methods=[GET],params=[],headers=[],consumes=[],produces=[],custom=[]}" onto public java.lang.Iterable<demo.model.Book> demo.controller.BookController.filter(java.util.Map<java.lang.String, java.lang.String>,java.lang.String,java.lang.Long,org.springframework.data.domain.Pageable)
2015-07-13 14:28:00.986  INFO 6840 --- [main] s.w.s.m.m.a.RequestMappingHandlerMapping : Mapped "{[/book/{id}],methods=[GET],params=[],headers=[],consumes=[],produces=[],custom=[]}" onto public java.lang.String demo.controller.base.CrudRestController.get(T,java.lang.Boolean,java.util.Set<java.lang.String>,java.util.Set<java.lang.String>) throws com.fasterxml.jackson.core.JsonProcessingException
2015-07-13 14:28:00.987  INFO 6840 --- [main] s.w.s.m.m.a.RequestMappingHandlerMapping : Mapped "{[/book/{id}],methods=[PUT],params=[],headers=[],consumes=[],produces=[],custom=[]}" onto public org.springframework.http.ResponseEntity<T> demo.controller.base.CrudRestController.update(java.lang.Long,T)
2015-07-13 14:28:00.987  INFO 6840 --- [main] s.w.s.m.m.a.RequestMappingHandlerMapping : Mapped "{[/book/{id}],methods=[DELETE],params=[],headers=[],consumes=[],produces=[],custom=[]}" onto public org.springframework.http.ResponseEntity<T> demo.controller.base.CrudRestController.delete(java.lang.Long)
2015-07-13 14:28:00.987  INFO 6840 --- [main] s.w.s.m.m.a.RequestMappingHandlerMapping : Mapped "{[/book],methods=[GET],params=[],headers=[],consumes=[],produces=[],custom=[]}" onto public org.springframework.data.domain.Page<T> demo.controller.base.CrudRestController.list(org.springframework.data.domain.Pageable)
2015-07-13 14:28:00.988  INFO 6840 --- [main] s.w.s.m.m.a.RequestMappingHandlerMapping : Mapped "{[/book],methods=[POST],params=[],headers=[],consumes=[],produces=[],custom=[]}" onto public org.springframework.http.ResponseEntity<T> demo.controller.base.CrudRestController.save(T)
2015-07-13 14:28:00.988  INFO 6840 --- [main] s.w.s.m.m.a.RequestMappingHandlerMapping : Mapped "{[/book],methods=[DELETE],params=[],headers=[],consumes=[],produces=[],custom=[]}" onto public void demo.controller.base.CrudRestController.deleteAll()
2015-07-13 14:28:00.988  INFO 6840 --- [main] s.w.s.m.m.a.RequestMappingHandlerMapping : Mapped "{[/book/all],methods=[GET],params=[],headers=[],consumes=[],produces=[],custom=[]}" onto public java.lang.Iterable<T> demo.controller.base.CrudRestController.listAll()
2015-07-13 14:28:00.989  INFO 6840 --- [main] s.w.s.m.m.a.RequestMappingHandlerMapping : Mapped "{[/category/{id}],methods=[GET],params=[],headers=[],consumes=[],produces=[],custom=[]}" onto public java.lang.String demo.controller.base.CrudRestController.get(T,java.lang.Boolean,java.util.Set<java.lang.String>,java.util.Set<java.lang.String>) throws com.fasterxml.jackson.core.JsonProcessingException
2015-07-13 14:28:00.989  INFO 6840 --- [main] s.w.s.m.m.a.RequestMappingHandlerMapping : Mapped "{[/category/{id}],methods=[PUT],params=[],headers=[],consumes=[],produces=[],custom=[]}" onto public org.springframework.http.ResponseEntity<T> demo.controller.base.CrudRestController.update(java.lang.Long,T)
2015-07-13 14:28:00.989  INFO 6840 --- [main] s.w.s.m.m.a.RequestMappingHandlerMapping : Mapped "{[/category/{id}],methods=[DELETE],params=[],headers=[],consumes=[],produces=[],custom=[]}" onto public org.springframework.http.ResponseEntity<T> demo.controller.base.CrudRestController.delete(java.lang.Long)
2015-07-13 14:28:00.990  INFO 6840 --- [main] s.w.s.m.m.a.RequestMappingHandlerMapping : Mapped "{[/category],methods=[GET],params=[],headers=[],consumes=[],produces=[],custom=[]}" onto public org.springframework.data.domain.Page<T> demo.controller.base.CrudRestController.list(org.springframework.data.domain.Pageable)
2015-07-13 14:28:00.990  INFO 6840 --- [main] s.w.s.m.m.a.RequestMappingHandlerMapping : Mapped "{[/category],methods=[POST],params=[],headers=[],consumes=[],produces=[],custom=[]}" onto public org.springframework.http.ResponseEntity<T> demo.controller.base.CrudRestController.save(T)
2015-07-13 14:28:00.990  INFO 6840 --- [main] s.w.s.m.m.a.RequestMappingHandlerMapping : Mapped "{[/category],methods=[DELETE],params=[],headers=[],consumes=[],produces=[],custom=[]}" onto public void demo.controller.base.CrudRestController.deleteAll()
2015-07-13 14:28:00.991  INFO 6840 --- [main] s.w.s.m.m.a.RequestMappingHandlerMapping : Mapped "{[/category/all],methods=[GET],params=[],headers=[],consumes=[],produces=[],custom=[]}" onto public java.lang.Iterable<T> demo.controller.base.CrudRestController.listAll()
2015-07-13 14:28:00.994  INFO 6840 --- [main] s.w.s.m.m.a.RequestMappingHandlerMapping : Mapped "{[/error],methods=[],params=[],headers=[],consumes=[],produces=[],custom=[]}" onto public org.springframework.http.ResponseEntity<java.util.Map<java.lang.String, java.lang.Object>> org.springframework.boot.autoconfigure.web.BasicErrorController.error(javax.servlet.http.HttpServletRequest)
2015-07-13 14:28:00.995  INFO 6840 --- [main] s.w.s.m.m.a.RequestMappingHandlerMapping : Mapped "{[/error],methods=[],params=[],headers=[],consumes=[],produces=[text/html],custom=[]}" onto public org.springframework.web.servlet.ModelAndView org.springframework.boot.autoconfigure.web.BasicErrorController.errorHtml(javax.servlet.http.HttpServletRequest)
2015-07-13 14:28:01.212  INFO 6840 --- [main] s.w.s.m.m.a.RequestMappingHandlerAdapter : Looking for @ControllerAdvice: org.springframework.boot.context.embedded.AnnotationConfigEmbeddedWebApplicationContext@5fcd892a: startup date [Mon Jul 13 14:27:51 CEST 2015]; root of context hierarchy
2015-07-13 14:28:02.244  INFO 6840 --- [main] o.s.j.e.a.AnnotationMBeanExporter        : Registering beans for JMX exposure on startup
2015-07-13 14:28:02.359  INFO 6840 --- [main] s.b.c.e.t.TomcatEmbeddedServletContainer : Tomcat started on port(s): 8080 (http)
2015-07-13 14:28:02.362  INFO 6840 --- [main] demo.SpringTestApplication               : Started SpringTestApplication in 11.085 seconds (JVM running for 11.771)
2015-07-13 14:28:07.449  INFO 6840 --- [http-nio-8080-exec-1] o.a.c.c.C.[Tomcat].[localhost].[/]       : Initializing Spring FrameworkServlet 'dispatcherServlet'
2015-07-13 14:28:07.449  INFO 6840 --- [http-nio-8080-exec-1] o.s.web.servlet.DispatcherServlet        : FrameworkServlet 'dispatcherServlet': initialization started
2015-07-13 14:28:07.469  INFO 6840 --- [http-nio-8080-exec-1] o.s.web.servlet.DispatcherServlet        : FrameworkServlet 'dispatcherServlet': initialization completed in 20 ms
2015-07-13 14:28:07.486  WARN 6840 --- [http-nio-8080-exec-1] o.s.web.servlet.PageNotFound             : No mapping found for HTTP request with URI [/] in DispatcherServlet with name 'dispatcherServlet'
2015-07-13 14:28:12.004  WARN 6840 --- [http-nio-8080-exec-2] o.s.web.servlet.PageNotFound             : No mapping found for HTTP request with URI [/books] in DispatcherServlet with name 'dispatcherServlet'
2015-07-13 15:07:12.504  INFO 8784 --- [main] demo.SpringTestApplication               : Starting SpringTestApplication on LT243-27 with PID 8784 (D:\Users\t_wilker\git\spring-data-elasticsearch\target\classes started by t_wilker in D:\Users\t_wilker\git\spring-data-elasticsearch)
2015-07-13 15:07:12.550  INFO 8784 --- [main] ationConfigEmbeddedWebApplicationContext : Refreshing org.springframework.boot.context.embedded.AnnotationConfigEmbeddedWebApplicationContext@5fcd892a: startup date [Mon Jul 13 15:07:12 CEST 2015]; root of context hierarchy
2015-07-13 15:07:13.914  INFO 8784 --- [main] o.s.b.f.s.DefaultListableBeanFactory     : Overriding bean definition for bean 'elasticsearchTemplate': replacing [Root bean: class [null]; scope=; abstract=false; lazyInit=false; autowireMode=3; dependencyCheck=0; autowireCandidate=true; primary=false; factoryBeanName=webConfigSupport; factoryMethodName=elasticsearchTemplate; initMethodName=null; destroyMethodName=(inferred); defined in class path resource [demo/WebConfigSupport.class]] with [Root bean: class [null]; scope=; abstract=false; lazyInit=false; autowireMode=3; dependencyCheck=0; autowireCandidate=true; primary=false; factoryBeanName=org.springframework.boot.autoconfigure.elasticsearch.ElasticsearchDataAutoConfiguration; factoryMethodName=elasticsearchTemplate; initMethodName=null; destroyMethodName=(inferred); defined in class path resource [org/springframework/boot/autoconfigure/elasticsearch/ElasticsearchDataAutoConfiguration.class]]
2015-07-13 15:07:14.484  INFO 8784 --- [main] trationDelegate$BeanPostProcessorChecker : Bean 'org.springframework.transaction.annotation.ProxyTransactionManagementConfiguration' of type [class org.springframework.transaction.annotation.ProxyTransactionManagementConfiguration$$EnhancerBySpringCGLIB$$ebe8e6d4] is not eligible for getting processed by all BeanPostProcessors (for example: not eligible for auto-proxying)
2015-07-13 15:07:14.654  INFO 8784 --- [main] trationDelegate$BeanPostProcessorChecker : Bean 'transactionAttributeSource' of type [class org.springframework.transaction.annotation.AnnotationTransactionAttributeSource] is not eligible for getting processed by all BeanPostProcessors (for example: not eligible for auto-proxying)
2015-07-13 15:07:14.664  INFO 8784 --- [main] trationDelegate$BeanPostProcessorChecker : Bean 'transactionInterceptor' of type [class org.springframework.transaction.interceptor.TransactionInterceptor] is not eligible for getting processed by all BeanPostProcessors (for example: not eligible for auto-proxying)
2015-07-13 15:07:14.670  INFO 8784 --- [main] trationDelegate$BeanPostProcessorChecker : Bean 'org.springframework.transaction.config.internalTransactionAdvisor' of type [class org.springframework.transaction.interceptor.BeanFactoryTransactionAttributeSourceAdvisor] is not eligible for getting processed by all BeanPostProcessors (for example: not eligible for auto-proxying)
2015-07-13 15:07:15.299  INFO 8784 --- [main] s.b.c.e.t.TomcatEmbeddedServletContainer : Tomcat initialized with port(s): 8080 (http)
2015-07-13 15:07:15.635  INFO 8784 --- [main] o.apache.catalina.core.StandardService   : Starting service Tomcat
2015-07-13 15:07:15.636  INFO 8784 --- [main] org.apache.catalina.core.StandardEngine  : Starting Servlet Engine: Apache Tomcat/8.0.20
2015-07-13 15:07:15.768  INFO 8784 --- [localhost-startStop-1] o.a.c.c.C.[Tomcat].[localhost].[/]       : Initializing Spring embedded WebApplicationContext
2015-07-13 15:07:15.769  INFO 8784 --- [localhost-startStop-1] o.s.web.context.ContextLoader            : Root WebApplicationContext: initialization completed in 3221 ms
2015-07-13 15:07:15.921  INFO 8784 --- [localhost-startStop-1] o.s.b.c.e.ServletRegistrationBean        : Mapping servlet: 'dispatcherServlet' to [/]
2015-07-13 15:07:15.925  INFO 8784 --- [localhost-startStop-1] o.s.b.c.embedded.FilterRegistrationBean  : Mapping filter: 'characterEncodingFilter' to: [/*]
2015-07-13 15:07:16.205  INFO 8784 --- [main] j.LocalContainerEntityManagerFactoryBean : Building JPA container EntityManagerFactory for persistence unit 'default'
2015-07-13 15:07:16.219  INFO 8784 --- [main] o.hibernate.jpa.internal.util.LogHelper  : HHH000204: Processing PersistenceUnitInfo [
	name: default
	...]
2015-07-13 15:07:16.326  INFO 8784 --- [main] org.hibernate.Version                    : HHH000412: Hibernate Core {4.3.8.Final}
2015-07-13 15:07:16.329  INFO 8784 --- [main] org.hibernate.cfg.Environment            : HHH000206: hibernate.properties not found
2015-07-13 15:07:16.331  INFO 8784 --- [main] org.hibernate.cfg.Environment            : HHH000021: Bytecode provider name : javassist
2015-07-13 15:07:16.615  INFO 8784 --- [main] o.hibernate.annotations.common.Version   : HCANN000001: Hibernate Commons Annotations {4.0.5.Final}
2015-07-13 15:07:17.035  INFO 8784 --- [main] org.hibernate.dialect.Dialect            : HHH000400: Using dialect: org.hibernate.dialect.MySQL5Dialect
2015-07-13 15:07:17.189  INFO 8784 --- [main] o.h.h.i.ast.ASTQueryTranslatorFactory    : HHH000397: Using ASTQueryTranslatorFactory
2015-07-13 15:07:17.482  INFO 8784 --- [main] org.hibernate.tool.hbm2ddl.SchemaExport  : HHH000227: Running hbm2ddl schema export
2015-07-13 15:07:17.563  INFO 8784 --- [main] org.hibernate.tool.hbm2ddl.SchemaExport  : HHH000230: Schema export complete
2015-07-13 15:07:17.945  INFO 8784 --- [main] org.elasticsearch.node                   : [Living Planet] version[1.3.2], pid[8784], build[dee175d/2014-08-13T14:29:30Z]
2015-07-13 15:07:17.946  INFO 8784 --- [main] org.elasticsearch.node                   : [Living Planet] initializing ...
2015-07-13 15:07:17.953  INFO 8784 --- [main] org.elasticsearch.plugins                : [Living Planet] loaded [], sites []
2015-07-13 15:07:19.421  INFO 8784 --- [main] org.elasticsearch.node                   : [Living Planet] initialized
2015-07-13 15:07:19.421  INFO 8784 --- [main] org.elasticsearch.node                   : [Living Planet] starting ...
2015-07-13 15:07:19.427  INFO 8784 --- [main] org.elasticsearch.transport              : [Living Planet] bound_address {local[1]}, publish_address {local[1]}
2015-07-13 15:07:19.434  INFO 8784 --- [main] org.elasticsearch.discovery              : [Living Planet] elasticsearch/Ctv7AF1AS_Cvn7vx4EHSyw
2015-07-13 15:07:19.436  INFO 8784 --- [elasticsearch[Living Planet][clusterService#updateTask][T#1]] org.elasticsearch.cluster.service        : [Living Planet] new_master [Living Planet][Ctv7AF1AS_Cvn7vx4EHSyw][LT243-27][local[1]]{local=true}, reason: local-disco-initial_connect(master)
2015-07-13 15:07:19.455  INFO 8784 --- [main] org.elasticsearch.node                   : [Living Planet] started
2015-07-13 15:07:20.006  INFO 8784 --- [elasticsearch[Living Planet][clusterService#updateTask][T#1]] org.elasticsearch.gateway                : [Living Planet] recovered [1] indices into cluster_state
2015-07-13 15:07:20.728  INFO 8784 --- [main] s.w.s.m.m.a.RequestMappingHandlerMapping : Mapped "{[/book/init],methods=[GET],params=[],headers=[],consumes=[],produces=[],custom=[]}" onto public java.lang.Iterable<demo.model.Book> demo.controller.BookController.init()
2015-07-13 15:07:20.729  INFO 8784 --- [main] s.w.s.m.m.a.RequestMappingHandlerMapping : Mapped "{[/book/filter],methods=[GET],params=[],headers=[],consumes=[],produces=[],custom=[]}" onto public java.lang.Iterable<demo.model.Book> demo.controller.BookController.filter(java.util.Map<java.lang.String, java.lang.String>,java.lang.String,java.lang.Long,org.springframework.data.domain.Pageable)
2015-07-13 15:07:20.729  INFO 8784 --- [main] s.w.s.m.m.a.RequestMappingHandlerMapping : Mapped "{[/book/{id}],methods=[GET],params=[],headers=[],consumes=[],produces=[],custom=[]}" onto public java.lang.String demo.controller.base.CrudRestController.get(T,java.lang.Boolean,java.util.Set<java.lang.String>,java.util.Set<java.lang.String>) throws com.fasterxml.jackson.core.JsonProcessingException
2015-07-13 15:07:20.729  INFO 8784 --- [main] s.w.s.m.m.a.RequestMappingHandlerMapping : Mapped "{[/book/{id}],methods=[PUT],params=[],headers=[],consumes=[],produces=[],custom=[]}" onto public org.springframework.http.ResponseEntity<T> demo.controller.base.CrudRestController.update(java.lang.Long,T)
2015-07-13 15:07:20.729  INFO 8784 --- [main] s.w.s.m.m.a.RequestMappingHandlerMapping : Mapped "{[/book/{id}],methods=[DELETE],params=[],headers=[],consumes=[],produces=[],custom=[]}" onto public org.springframework.http.ResponseEntity<T> demo.controller.base.CrudRestController.delete(java.lang.Long)
2015-07-13 15:07:20.730  INFO 8784 --- [main] s.w.s.m.m.a.RequestMappingHandlerMapping : Mapped "{[/book],methods=[GET],params=[],headers=[],consumes=[],produces=[],custom=[]}" onto public org.springframework.data.domain.Page<T> demo.controller.base.CrudRestController.list(org.springframework.data.domain.Pageable)
2015-07-13 15:07:20.730  INFO 8784 --- [main] s.w.s.m.m.a.RequestMappingHandlerMapping : Mapped "{[/book],methods=[POST],params=[],headers=[],consumes=[],produces=[],custom=[]}" onto public org.springframework.http.ResponseEntity<T> demo.controller.base.CrudRestController.save(T)
2015-07-13 15:07:20.730  INFO 8784 --- [main] s.w.s.m.m.a.RequestMappingHandlerMapping : Mapped "{[/book],methods=[DELETE],params=[],headers=[],consumes=[],produces=[],custom=[]}" onto public void demo.controller.base.CrudRestController.deleteAll()
2015-07-13 15:07:20.730  INFO 8784 --- [main] s.w.s.m.m.a.RequestMappingHandlerMapping : Mapped "{[/book/all],methods=[GET],params=[],headers=[],consumes=[],produces=[],custom=[]}" onto public java.lang.Iterable<T> demo.controller.base.CrudRestController.listAll()
2015-07-13 15:07:20.731  INFO 8784 --- [main] s.w.s.m.m.a.RequestMappingHandlerMapping : Mapped "{[/category/{id}],methods=[GET],params=[],headers=[],consumes=[],produces=[],custom=[]}" onto public java.lang.String demo.controller.base.CrudRestController.get(T,java.lang.Boolean,java.util.Set<java.lang.String>,java.util.Set<java.lang.String>) throws com.fasterxml.jackson.core.JsonProcessingException
2015-07-13 15:07:20.731  INFO 8784 --- [main] s.w.s.m.m.a.RequestMappingHandlerMapping : Mapped "{[/category/{id}],methods=[PUT],params=[],headers=[],consumes=[],produces=[],custom=[]}" onto public org.springframework.http.ResponseEntity<T> demo.controller.base.CrudRestController.update(java.lang.Long,T)
2015-07-13 15:07:20.732  INFO 8784 --- [main] s.w.s.m.m.a.RequestMappingHandlerMapping : Mapped "{[/category/{id}],methods=[DELETE],params=[],headers=[],consumes=[],produces=[],custom=[]}" onto public org.springframework.http.ResponseEntity<T> demo.controller.base.CrudRestController.delete(java.lang.Long)
2015-07-13 15:07:20.732  INFO 8784 --- [main] s.w.s.m.m.a.RequestMappingHandlerMapping : Mapped "{[/category],methods=[GET],params=[],headers=[],consumes=[],produces=[],custom=[]}" onto public org.springframework.data.domain.Page<T> demo.controller.base.CrudRestController.list(org.springframework.data.domain.Pageable)
2015-07-13 15:07:20.732  INFO 8784 --- [main] s.w.s.m.m.a.RequestMappingHandlerMapping : Mapped "{[/category],methods=[POST],params=[],headers=[],consumes=[],produces=[],custom=[]}" onto public org.springframework.http.ResponseEntity<T> demo.controller.base.CrudRestController.save(T)
2015-07-13 15:07:20.732  INFO 8784 --- [main] s.w.s.m.m.a.RequestMappingHandlerMapping : Mapped "{[/category],methods=[DELETE],params=[],headers=[],consumes=[],produces=[],custom=[]}" onto public void demo.controller.base.CrudRestController.deleteAll()
2015-07-13 15:07:20.732  INFO 8784 --- [main] s.w.s.m.m.a.RequestMappingHandlerMapping : Mapped "{[/category/all],methods=[GET],params=[],headers=[],consumes=[],produces=[],custom=[]}" onto public java.lang.Iterable<T> demo.controller.base.CrudRestController.listAll()
2015-07-13 15:07:20.736  INFO 8784 --- [main] s.w.s.m.m.a.RequestMappingHandlerMapping : Mapped "{[/error],methods=[],params=[],headers=[],consumes=[],produces=[],custom=[]}" onto public org.springframework.http.ResponseEntity<java.util.Map<java.lang.String, java.lang.Object>> org.springframework.boot.autoconfigure.web.BasicErrorController.error(javax.servlet.http.HttpServletRequest)
2015-07-13 15:07:20.736  INFO 8784 --- [main] s.w.s.m.m.a.RequestMappingHandlerMapping : Mapped "{[/error],methods=[],params=[],headers=[],consumes=[],produces=[text/html],custom=[]}" onto public org.springframework.web.servlet.ModelAndView org.springframework.boot.autoconfigure.web.BasicErrorController.errorHtml(javax.servlet.http.HttpServletRequest)
2015-07-13 15:07:20.909  INFO 8784 --- [main] s.w.s.m.m.a.RequestMappingHandlerAdapter : Looking for @ControllerAdvice: org.springframework.boot.context.embedded.AnnotationConfigEmbeddedWebApplicationContext@5fcd892a: startup date [Mon Jul 13 15:07:12 CEST 2015]; root of context hierarchy
2015-07-13 15:07:21.879  INFO 8784 --- [main] o.s.j.e.a.AnnotationMBeanExporter        : Registering beans for JMX exposure on startup
2015-07-13 15:07:21.955  INFO 8784 --- [main] s.b.c.e.t.TomcatEmbeddedServletContainer : Tomcat started on port(s): 8080 (http)
2015-07-13 15:07:21.959  INFO 8784 --- [main] demo.SpringTestApplication               : Started SpringTestApplication in 9.757 seconds (JVM running for 10.164)
2015-07-13 15:07:33.311  INFO 8784 --- [http-nio-8080-exec-1] o.a.c.c.C.[Tomcat].[localhost].[/]       : Initializing Spring FrameworkServlet 'dispatcherServlet'
2015-07-13 15:07:33.311  INFO 8784 --- [http-nio-8080-exec-1] o.s.web.servlet.DispatcherServlet        : FrameworkServlet 'dispatcherServlet': initialization started
2015-07-13 15:07:33.332  INFO 8784 --- [http-nio-8080-exec-1] o.s.web.servlet.DispatcherServlet        : FrameworkServlet 'dispatcherServlet': initialization completed in 20 ms
2015-07-13 15:08:46.449  INFO 8092 --- [main] demo.SpringTestApplication               : Starting SpringTestApplication on LT243-27 with PID 8092 (D:\Users\t_wilker\git\spring-data-elasticsearch\target\classes started by t_wilker in D:\Users\t_wilker\git\spring-data-elasticsearch)
2015-07-13 15:08:46.489  INFO 8092 --- [main] ationConfigEmbeddedWebApplicationContext : Refreshing org.springframework.boot.context.embedded.AnnotationConfigEmbeddedWebApplicationContext@5fcd892a: startup date [Mon Jul 13 15:08:46 CEST 2015]; root of context hierarchy
2015-07-13 15:08:47.885  INFO 8092 --- [main] o.s.b.f.s.DefaultListableBeanFactory     : Overriding bean definition for bean 'elasticsearchTemplate': replacing [Root bean: class [null]; scope=; abstract=false; lazyInit=false; autowireMode=3; dependencyCheck=0; autowireCandidate=true; primary=false; factoryBeanName=webConfigSupport; factoryMethodName=elasticsearchTemplate; initMethodName=null; destroyMethodName=(inferred); defined in class path resource [demo/WebConfigSupport.class]] with [Root bean: class [null]; scope=; abstract=false; lazyInit=false; autowireMode=3; dependencyCheck=0; autowireCandidate=true; primary=false; factoryBeanName=org.springframework.boot.autoconfigure.elasticsearch.ElasticsearchDataAutoConfiguration; factoryMethodName=elasticsearchTemplate; initMethodName=null; destroyMethodName=(inferred); defined in class path resource [org/springframework/boot/autoconfigure/elasticsearch/ElasticsearchDataAutoConfiguration.class]]
2015-07-13 15:08:48.466  INFO 8092 --- [main] trationDelegate$BeanPostProcessorChecker : Bean 'org.springframework.transaction.annotation.ProxyTransactionManagementConfiguration' of type [class org.springframework.transaction.annotation.ProxyTransactionManagementConfiguration$$EnhancerBySpringCGLIB$$89939103] is not eligible for getting processed by all BeanPostProcessors (for example: not eligible for auto-proxying)
2015-07-13 15:08:48.608  INFO 8092 --- [main] trationDelegate$BeanPostProcessorChecker : Bean 'transactionAttributeSource' of type [class org.springframework.transaction.annotation.AnnotationTransactionAttributeSource] is not eligible for getting processed by all BeanPostProcessors (for example: not eligible for auto-proxying)
2015-07-13 15:08:48.618  INFO 8092 --- [main] trationDelegate$BeanPostProcessorChecker : Bean 'transactionInterceptor' of type [class org.springframework.transaction.interceptor.TransactionInterceptor] is not eligible for getting processed by all BeanPostProcessors (for example: not eligible for auto-proxying)
2015-07-13 15:08:48.626  INFO 8092 --- [main] trationDelegate$BeanPostProcessorChecker : Bean 'org.springframework.transaction.config.internalTransactionAdvisor' of type [class org.springframework.transaction.interceptor.BeanFactoryTransactionAttributeSourceAdvisor] is not eligible for getting processed by all BeanPostProcessors (for example: not eligible for auto-proxying)
2015-07-13 15:08:49.087  INFO 8092 --- [main] s.b.c.e.t.TomcatEmbeddedServletContainer : Tomcat initialized with port(s): 8080 (http)
2015-07-13 15:08:49.392  INFO 8092 --- [main] o.apache.catalina.core.StandardService   : Starting service Tomcat
2015-07-13 15:08:49.394  INFO 8092 --- [main] org.apache.catalina.core.StandardEngine  : Starting Servlet Engine: Apache Tomcat/8.0.20
2015-07-13 15:08:49.533  INFO 8092 --- [localhost-startStop-1] o.a.c.c.C.[Tomcat].[localhost].[/]       : Initializing Spring embedded WebApplicationContext
2015-07-13 15:08:49.533  INFO 8092 --- [localhost-startStop-1] o.s.web.context.ContextLoader            : Root WebApplicationContext: initialization completed in 3047 ms
2015-07-13 15:08:49.705  INFO 8092 --- [localhost-startStop-1] o.s.b.c.e.ServletRegistrationBean        : Mapping servlet: 'dispatcherServlet' to [/]
2015-07-13 15:08:49.709  INFO 8092 --- [localhost-startStop-1] o.s.b.c.embedded.FilterRegistrationBean  : Mapping filter: 'characterEncodingFilter' to: [/*]
2015-07-13 15:08:50.017  INFO 8092 --- [main] j.LocalContainerEntityManagerFactoryBean : Building JPA container EntityManagerFactory for persistence unit 'default'
2015-07-13 15:08:50.032  INFO 8092 --- [main] o.hibernate.jpa.internal.util.LogHelper  : HHH000204: Processing PersistenceUnitInfo [
	name: default
	...]
2015-07-13 15:08:50.126  INFO 8092 --- [main] org.hibernate.Version                    : HHH000412: Hibernate Core {4.3.8.Final}
2015-07-13 15:08:50.128  INFO 8092 --- [main] org.hibernate.cfg.Environment            : HHH000206: hibernate.properties not found
2015-07-13 15:08:50.130  INFO 8092 --- [main] org.hibernate.cfg.Environment            : HHH000021: Bytecode provider name : javassist
2015-07-13 15:08:50.390  INFO 8092 --- [main] o.hibernate.annotations.common.Version   : HCANN000001: Hibernate Commons Annotations {4.0.5.Final}
2015-07-13 15:08:50.823  INFO 8092 --- [main] org.hibernate.dialect.Dialect            : HHH000400: Using dialect: org.hibernate.dialect.MySQL5Dialect
2015-07-13 15:08:50.984  INFO 8092 --- [main] o.h.h.i.ast.ASTQueryTranslatorFactory    : HHH000397: Using ASTQueryTranslatorFactory
2015-07-13 15:08:51.217  INFO 8092 --- [main] org.hibernate.tool.hbm2ddl.SchemaExport  : HHH000227: Running hbm2ddl schema export
2015-07-13 15:08:51.301  INFO 8092 --- [main] org.hibernate.tool.hbm2ddl.SchemaExport  : HHH000230: Schema export complete
2015-07-13 15:08:51.678  INFO 8092 --- [main] org.elasticsearch.node                   : [Ka-Zar] version[1.3.2], pid[8092], build[dee175d/2014-08-13T14:29:30Z]
2015-07-13 15:08:51.678  INFO 8092 --- [main] org.elasticsearch.node                   : [Ka-Zar] initializing ...
2015-07-13 15:08:51.683  INFO 8092 --- [main] org.elasticsearch.plugins                : [Ka-Zar] loaded [], sites []
2015-07-13 15:08:53.147  INFO 8092 --- [main] org.elasticsearch.node                   : [Ka-Zar] initialized
2015-07-13 15:08:53.148  INFO 8092 --- [main] org.elasticsearch.node                   : [Ka-Zar] starting ...
2015-07-13 15:08:53.156  INFO 8092 --- [main] org.elasticsearch.transport              : [Ka-Zar] bound_address {local[1]}, publish_address {local[1]}
2015-07-13 15:08:53.163  INFO 8092 --- [main] org.elasticsearch.discovery              : [Ka-Zar] elasticsearch/1i2UHHhRStGq2IHboNZPxQ
2015-07-13 15:08:53.165  INFO 8092 --- [elasticsearch[Ka-Zar][clusterService#updateTask][T#1]] org.elasticsearch.cluster.service        : [Ka-Zar] new_master [Ka-Zar][1i2UHHhRStGq2IHboNZPxQ][LT243-27][local[1]]{local=true}, reason: local-disco-initial_connect(master)
2015-07-13 15:08:53.182  INFO 8092 --- [main] org.elasticsearch.node                   : [Ka-Zar] started
2015-07-13 15:08:53.568  INFO 8092 --- [elasticsearch[Ka-Zar][clusterService#updateTask][T#1]] org.elasticsearch.gateway                : [Ka-Zar] recovered [1] indices into cluster_state
2015-07-13 15:08:54.385  INFO 8092 --- [main] s.w.s.m.m.a.RequestMappingHandlerMapping : Mapped "{[/book/init],methods=[GET],params=[],headers=[],consumes=[],produces=[],custom=[]}" onto public java.lang.Iterable<demo.model.Book> demo.controller.BookController.init()
2015-07-13 15:08:54.386  INFO 8092 --- [main] s.w.s.m.m.a.RequestMappingHandlerMapping : Mapped "{[/book/filter],methods=[GET],params=[],headers=[],consumes=[],produces=[],custom=[]}" onto public java.lang.Iterable<demo.model.Book> demo.controller.BookController.filter(java.util.Map<java.lang.String, java.lang.String>,java.lang.String,java.lang.Long,org.springframework.data.domain.Pageable)
2015-07-13 15:08:54.386  INFO 8092 --- [main] s.w.s.m.m.a.RequestMappingHandlerMapping : Mapped "{[/book/{id}],methods=[GET],params=[],headers=[],consumes=[],produces=[],custom=[]}" onto public java.lang.String demo.controller.base.CrudRestController.get(T,java.lang.Boolean,java.util.Set<java.lang.String>,java.util.Set<java.lang.String>) throws com.fasterxml.jackson.core.JsonProcessingException
2015-07-13 15:08:54.387  INFO 8092 --- [main] s.w.s.m.m.a.RequestMappingHandlerMapping : Mapped "{[/book/{id}],methods=[PUT],params=[],headers=[],consumes=[],produces=[],custom=[]}" onto public org.springframework.http.ResponseEntity<T> demo.controller.base.CrudRestController.update(java.lang.Long,T)
2015-07-13 15:08:54.387  INFO 8092 --- [main] s.w.s.m.m.a.RequestMappingHandlerMapping : Mapped "{[/book/{id}],methods=[DELETE],params=[],headers=[],consumes=[],produces=[],custom=[]}" onto public org.springframework.http.ResponseEntity<T> demo.controller.base.CrudRestController.delete(java.lang.Long)
2015-07-13 15:08:54.387  INFO 8092 --- [main] s.w.s.m.m.a.RequestMappingHandlerMapping : Mapped "{[/book],methods=[GET],params=[],headers=[],consumes=[],produces=[],custom=[]}" onto public org.springframework.data.domain.Page<T> demo.controller.base.CrudRestController.list(org.springframework.data.domain.Pageable)
2015-07-13 15:08:54.387  INFO 8092 --- [main] s.w.s.m.m.a.RequestMappingHandlerMapping : Mapped "{[/book],methods=[POST],params=[],headers=[],consumes=[],produces=[],custom=[]}" onto public org.springframework.http.ResponseEntity<T> demo.controller.base.CrudRestController.save(T)
2015-07-13 15:08:54.388  INFO 8092 --- [main] s.w.s.m.m.a.RequestMappingHandlerMapping : Mapped "{[/book],methods=[DELETE],params=[],headers=[],consumes=[],produces=[],custom=[]}" onto public void demo.controller.base.CrudRestController.deleteAll()
2015-07-13 15:08:54.388  INFO 8092 --- [main] s.w.s.m.m.a.RequestMappingHandlerMapping : Mapped "{[/book/all],methods=[GET],params=[],headers=[],consumes=[],produces=[],custom=[]}" onto public java.lang.Iterable<T> demo.controller.base.CrudRestController.listAll()
2015-07-13 15:08:54.389  INFO 8092 --- [main] s.w.s.m.m.a.RequestMappingHandlerMapping : Mapped "{[/category/{id}],methods=[GET],params=[],headers=[],consumes=[],produces=[],custom=[]}" onto public java.lang.String demo.controller.base.CrudRestController.get(T,java.lang.Boolean,java.util.Set<java.lang.String>,java.util.Set<java.lang.String>) throws com.fasterxml.jackson.core.JsonProcessingException
2015-07-13 15:08:54.389  INFO 8092 --- [main] s.w.s.m.m.a.RequestMappingHandlerMapping : Mapped "{[/category/{id}],methods=[PUT],params=[],headers=[],consumes=[],produces=[],custom=[]}" onto public org.springframework.http.ResponseEntity<T> demo.controller.base.CrudRestController.update(java.lang.Long,T)
2015-07-13 15:08:54.389  INFO 8092 --- [main] s.w.s.m.m.a.RequestMappingHandlerMapping : Mapped "{[/category/{id}],methods=[DELETE],params=[],headers=[],consumes=[],produces=[],custom=[]}" onto public org.springframework.http.ResponseEntity<T> demo.controller.base.CrudRestController.delete(java.lang.Long)
2015-07-13 15:08:54.390  INFO 8092 --- [main] s.w.s.m.m.a.RequestMappingHandlerMapping : Mapped "{[/category],methods=[GET],params=[],headers=[],consumes=[],produces=[],custom=[]}" onto public org.springframework.data.domain.Page<T> demo.controller.base.CrudRestController.list(org.springframework.data.domain.Pageable)
2015-07-13 15:08:54.390  INFO 8092 --- [main] s.w.s.m.m.a.RequestMappingHandlerMapping : Mapped "{[/category],methods=[POST],params=[],headers=[],consumes=[],produces=[],custom=[]}" onto public org.springframework.http.ResponseEntity<T> demo.controller.base.CrudRestController.save(T)
2015-07-13 15:08:54.390  INFO 8092 --- [main] s.w.s.m.m.a.RequestMappingHandlerMapping : Mapped "{[/category],methods=[DELETE],params=[],headers=[],consumes=[],produces=[],custom=[]}" onto public void demo.controller.base.CrudRestController.deleteAll()
2015-07-13 15:08:54.390  INFO 8092 --- [main] s.w.s.m.m.a.RequestMappingHandlerMapping : Mapped "{[/category/all],methods=[GET],params=[],headers=[],consumes=[],produces=[],custom=[]}" onto public java.lang.Iterable<T> demo.controller.base.CrudRestController.listAll()
2015-07-13 15:08:54.394  INFO 8092 --- [main] s.w.s.m.m.a.RequestMappingHandlerMapping : Mapped "{[/error],methods=[],params=[],headers=[],consumes=[],produces=[],custom=[]}" onto public org.springframework.http.ResponseEntity<java.util.Map<java.lang.String, java.lang.Object>> org.springframework.boot.autoconfigure.web.BasicErrorController.error(javax.servlet.http.HttpServletRequest)
2015-07-13 15:08:54.394  INFO 8092 --- [main] s.w.s.m.m.a.RequestMappingHandlerMapping : Mapped "{[/error],methods=[],params=[],headers=[],consumes=[],produces=[text/html],custom=[]}" onto public org.springframework.web.servlet.ModelAndView org.springframework.boot.autoconfigure.web.BasicErrorController.errorHtml(javax.servlet.http.HttpServletRequest)
2015-07-13 15:08:54.550  INFO 8092 --- [main] s.w.s.m.m.a.RequestMappingHandlerAdapter : Looking for @ControllerAdvice: org.springframework.boot.context.embedded.AnnotationConfigEmbeddedWebApplicationContext@5fcd892a: startup date [Mon Jul 13 15:08:46 CEST 2015]; root of context hierarchy
2015-07-13 15:08:55.308  INFO 8092 --- [main] o.s.j.e.a.AnnotationMBeanExporter        : Registering beans for JMX exposure on startup
2015-07-13 15:08:55.377  INFO 8092 --- [main] s.b.c.e.t.TomcatEmbeddedServletContainer : Tomcat started on port(s): 8080 (http)
2015-07-13 15:08:55.379  INFO 8092 --- [main] demo.SpringTestApplication               : Started SpringTestApplication in 9.237 seconds (JVM running for 9.66)
2015-07-13 15:09:24.733  INFO 8092 --- [http-nio-8080-exec-1] o.a.c.c.C.[Tomcat].[localhost].[/]       : Initializing Spring FrameworkServlet 'dispatcherServlet'
2015-07-13 15:09:24.733  INFO 8092 --- [http-nio-8080-exec-1] o.s.web.servlet.DispatcherServlet        : FrameworkServlet 'dispatcherServlet': initialization started
2015-07-13 15:09:24.754  INFO 8092 --- [http-nio-8080-exec-1] o.s.web.servlet.DispatcherServlet        : FrameworkServlet 'dispatcherServlet': initialization completed in 21 ms
2015-07-13 15:26:07.222  INFO 7112 --- [main] demo.SpringTestApplication               : Starting SpringTestApplication on LT243-27 with PID 7112 (D:\Users\t_wilker\git\spring-data-elasticsearch\target\classes started by t_wilker in D:\Users\t_wilker\git\spring-data-elasticsearch)
2015-07-13 15:26:07.262  INFO 7112 --- [main] ationConfigEmbeddedWebApplicationContext : Refreshing org.springframework.boot.context.embedded.AnnotationConfigEmbeddedWebApplicationContext@5fcd892a: startup date [Mon Jul 13 15:26:07 CEST 2015]; root of context hierarchy
2015-07-13 15:26:08.582  INFO 7112 --- [main] o.s.b.f.s.DefaultListableBeanFactory     : Overriding bean definition for bean 'elasticsearchTemplate': replacing [Root bean: class [null]; scope=; abstract=false; lazyInit=false; autowireMode=3; dependencyCheck=0; autowireCandidate=true; primary=false; factoryBeanName=webConfigSupport; factoryMethodName=elasticsearchTemplate; initMethodName=null; destroyMethodName=(inferred); defined in class path resource [demo/WebConfigSupport.class]] with [Root bean: class [null]; scope=; abstract=false; lazyInit=false; autowireMode=3; dependencyCheck=0; autowireCandidate=true; primary=false; factoryBeanName=org.springframework.boot.autoconfigure.elasticsearch.ElasticsearchDataAutoConfiguration; factoryMethodName=elasticsearchTemplate; initMethodName=null; destroyMethodName=(inferred); defined in class path resource [org/springframework/boot/autoconfigure/elasticsearch/ElasticsearchDataAutoConfiguration.class]]
2015-07-13 15:26:09.211  INFO 7112 --- [main] trationDelegate$BeanPostProcessorChecker : Bean 'org.springframework.transaction.annotation.ProxyTransactionManagementConfiguration' of type [class org.springframework.transaction.annotation.ProxyTransactionManagementConfiguration$$EnhancerBySpringCGLIB$$89939103] is not eligible for getting processed by all BeanPostProcessors (for example: not eligible for auto-proxying)
2015-07-13 15:26:09.390  INFO 7112 --- [main] trationDelegate$BeanPostProcessorChecker : Bean 'transactionAttributeSource' of type [class org.springframework.transaction.annotation.AnnotationTransactionAttributeSource] is not eligible for getting processed by all BeanPostProcessors (for example: not eligible for auto-proxying)
2015-07-13 15:26:09.390  INFO 7112 --- [main] trationDelegate$BeanPostProcessorChecker : Bean 'transactionInterceptor' of type [class org.springframework.transaction.interceptor.TransactionInterceptor] is not eligible for getting processed by all BeanPostProcessors (for example: not eligible for auto-proxying)
2015-07-13 15:26:09.400  INFO 7112 --- [main] trationDelegate$BeanPostProcessorChecker : Bean 'org.springframework.transaction.config.internalTransactionAdvisor' of type [class org.springframework.transaction.interceptor.BeanFactoryTransactionAttributeSourceAdvisor] is not eligible for getting processed by all BeanPostProcessors (for example: not eligible for auto-proxying)
2015-07-13 15:26:09.920  INFO 7112 --- [main] s.b.c.e.t.TomcatEmbeddedServletContainer : Tomcat initialized with port(s): 8080 (http)
2015-07-13 15:26:10.192  INFO 7112 --- [main] o.apache.catalina.core.StandardService   : Starting service Tomcat
2015-07-13 15:26:10.194  INFO 7112 --- [main] org.apache.catalina.core.StandardEngine  : Starting Servlet Engine: Apache Tomcat/8.0.20
2015-07-13 15:26:10.343  INFO 7112 --- [localhost-startStop-1] o.a.c.c.C.[Tomcat].[localhost].[/]       : Initializing Spring embedded WebApplicationContext
2015-07-13 15:26:10.343  INFO 7112 --- [localhost-startStop-1] o.s.web.context.ContextLoader            : Root WebApplicationContext: initialization completed in 3081 ms
2015-07-13 15:26:10.503  INFO 7112 --- [localhost-startStop-1] o.s.b.c.e.ServletRegistrationBean        : Mapping servlet: 'dispatcherServlet' to [/]
2015-07-13 15:26:10.503  INFO 7112 --- [localhost-startStop-1] o.s.b.c.embedded.FilterRegistrationBean  : Mapping filter: 'characterEncodingFilter' to: [/*]
2015-07-13 15:26:10.887  INFO 7112 --- [main] j.LocalContainerEntityManagerFactoryBean : Building JPA container EntityManagerFactory for persistence unit 'default'
2015-07-13 15:26:10.897  INFO 7112 --- [main] o.hibernate.jpa.internal.util.LogHelper  : HHH000204: Processing PersistenceUnitInfo [
	name: default
	...]
2015-07-13 15:26:11.027  INFO 7112 --- [main] org.hibernate.Version                    : HHH000412: Hibernate Core {4.3.8.Final}
2015-07-13 15:26:11.037  INFO 7112 --- [main] org.hibernate.cfg.Environment            : HHH000206: hibernate.properties not found
2015-07-13 15:26:11.038  INFO 7112 --- [main] org.hibernate.cfg.Environment            : HHH000021: Bytecode provider name : javassist
2015-07-13 15:26:11.284  INFO 7112 --- [main] o.hibernate.annotations.common.Version   : HCANN000001: Hibernate Commons Annotations {4.0.5.Final}
2015-07-13 15:26:11.634  INFO 7112 --- [main] org.hibernate.dialect.Dialect            : HHH000400: Using dialect: org.hibernate.dialect.MySQL5Dialect
2015-07-13 15:26:11.754  INFO 7112 --- [main] o.h.h.i.ast.ASTQueryTranslatorFactory    : HHH000397: Using ASTQueryTranslatorFactory
2015-07-13 15:26:12.055  INFO 7112 --- [main] org.hibernate.tool.hbm2ddl.SchemaExport  : HHH000227: Running hbm2ddl schema export
2015-07-13 15:26:12.136  INFO 7112 --- [main] org.hibernate.tool.hbm2ddl.SchemaExport  : HHH000230: Schema export complete
2015-07-13 15:26:12.416  INFO 7112 --- [main] org.elasticsearch.node                   : [Ever] version[1.3.2], pid[7112], build[dee175d/2014-08-13T14:29:30Z]
2015-07-13 15:26:12.416  INFO 7112 --- [main] org.elasticsearch.node                   : [Ever] initializing ...
2015-07-13 15:26:12.416  INFO 7112 --- [main] org.elasticsearch.plugins                : [Ever] loaded [], sites []
2015-07-13 15:26:13.796  INFO 7112 --- [main] org.elasticsearch.node                   : [Ever] initialized
2015-07-13 15:26:13.796  INFO 7112 --- [main] org.elasticsearch.node                   : [Ever] starting ...
2015-07-13 15:26:13.797  INFO 7112 --- [main] org.elasticsearch.transport              : [Ever] bound_address {local[1]}, publish_address {local[1]}
2015-07-13 15:26:13.817  INFO 7112 --- [main] org.elasticsearch.discovery              : [Ever] elasticsearch/kOMJQ2rASda34wjb04fUzw
2015-07-13 15:26:13.817  INFO 7112 --- [elasticsearch[Ever][clusterService#updateTask][T#1]] org.elasticsearch.cluster.service        : [Ever] new_master [Ever][kOMJQ2rASda34wjb04fUzw][LT243-27][local[1]]{local=true}, reason: local-disco-initial_connect(master)
2015-07-13 15:26:13.837  INFO 7112 --- [main] org.elasticsearch.node                   : [Ever] started
2015-07-13 15:26:14.267  INFO 7112 --- [elasticsearch[Ever][clusterService#updateTask][T#1]] org.elasticsearch.gateway                : [Ever] recovered [1] indices into cluster_state
2015-07-13 15:26:15.147  INFO 7112 --- [main] s.w.s.m.m.a.RequestMappingHandlerMapping : Mapped "{[/book/init],methods=[GET],params=[],headers=[],consumes=[],produces=[],custom=[]}" onto public java.lang.Iterable<demo.model.Book> demo.controller.BookController.init()
2015-07-13 15:26:15.147  INFO 7112 --- [main] s.w.s.m.m.a.RequestMappingHandlerMapping : Mapped "{[/book/filter],methods=[GET],params=[],headers=[],consumes=[],produces=[],custom=[]}" onto public java.lang.Iterable<demo.model.Book> demo.controller.BookController.filter(java.util.Map<java.lang.String, java.lang.String>,java.lang.String,java.lang.Long,org.springframework.data.domain.Pageable)
2015-07-13 15:26:15.147  INFO 7112 --- [main] s.w.s.m.m.a.RequestMappingHandlerMapping : Mapped "{[/book/{id}],methods=[GET],params=[],headers=[],consumes=[],produces=[],custom=[]}" onto public java.lang.String demo.controller.base.CrudRestController.get(T,java.lang.Boolean,java.util.Set<java.lang.String>,java.util.Set<java.lang.String>) throws com.fasterxml.jackson.core.JsonProcessingException
2015-07-13 15:26:15.147  INFO 7112 --- [main] s.w.s.m.m.a.RequestMappingHandlerMapping : Mapped "{[/book/{id}],methods=[PUT],params=[],headers=[],consumes=[],produces=[],custom=[]}" onto public org.springframework.http.ResponseEntity<T> demo.controller.base.CrudRestController.update(java.lang.Long,T)
2015-07-13 15:26:15.147  INFO 7112 --- [main] s.w.s.m.m.a.RequestMappingHandlerMapping : Mapped "{[/book/{id}],methods=[DELETE],params=[],headers=[],consumes=[],produces=[],custom=[]}" onto public org.springframework.http.ResponseEntity<T> demo.controller.base.CrudRestController.delete(java.lang.Long)
2015-07-13 15:26:15.147  INFO 7112 --- [main] s.w.s.m.m.a.RequestMappingHandlerMapping : Mapped "{[/book],methods=[GET],params=[],headers=[],consumes=[],produces=[],custom=[]}" onto public org.springframework.data.domain.Page<T> demo.controller.base.CrudRestController.list(org.springframework.data.domain.Pageable)
2015-07-13 15:26:15.147  INFO 7112 --- [main] s.w.s.m.m.a.RequestMappingHandlerMapping : Mapped "{[/book],methods=[POST],params=[],headers=[],consumes=[],produces=[],custom=[]}" onto public org.springframework.http.ResponseEntity<T> demo.controller.base.CrudRestController.save(T)
2015-07-13 15:26:15.147  INFO 7112 --- [main] s.w.s.m.m.a.RequestMappingHandlerMapping : Mapped "{[/book],methods=[DELETE],params=[],headers=[],consumes=[],produces=[],custom=[]}" onto public void demo.controller.base.CrudRestController.deleteAll()
2015-07-13 15:26:15.147  INFO 7112 --- [main] s.w.s.m.m.a.RequestMappingHandlerMapping : Mapped "{[/book/all],methods=[GET],params=[],headers=[],consumes=[],produces=[],custom=[]}" onto public java.lang.Iterable<T> demo.controller.base.CrudRestController.listAll()
2015-07-13 15:26:15.147  INFO 7112 --- [main] s.w.s.m.m.a.RequestMappingHandlerMapping : Mapped "{[/category/{id}],methods=[GET],params=[],headers=[],consumes=[],produces=[],custom=[]}" onto public java.lang.String demo.controller.base.CrudRestController.get(T,java.lang.Boolean,java.util.Set<java.lang.String>,java.util.Set<java.lang.String>) throws com.fasterxml.jackson.core.JsonProcessingException
2015-07-13 15:26:15.147  INFO 7112 --- [main] s.w.s.m.m.a.RequestMappingHandlerMapping : Mapped "{[/category/{id}],methods=[PUT],params=[],headers=[],consumes=[],produces=[],custom=[]}" onto public org.springframework.http.ResponseEntity<T> demo.controller.base.CrudRestController.update(java.lang.Long,T)
2015-07-13 15:26:15.147  INFO 7112 --- [main] s.w.s.m.m.a.RequestMappingHandlerMapping : Mapped "{[/category/{id}],methods=[DELETE],params=[],headers=[],consumes=[],produces=[],custom=[]}" onto public org.springframework.http.ResponseEntity<T> demo.controller.base.CrudRestController.delete(java.lang.Long)
2015-07-13 15:26:15.147  INFO 7112 --- [main] s.w.s.m.m.a.RequestMappingHandlerMapping : Mapped "{[/category],methods=[GET],params=[],headers=[],consumes=[],produces=[],custom=[]}" onto public org.springframework.data.domain.Page<T> demo.controller.base.CrudRestController.list(org.springframework.data.domain.Pageable)
2015-07-13 15:26:15.147  INFO 7112 --- [main] s.w.s.m.m.a.RequestMappingHandlerMapping : Mapped "{[/category],methods=[POST],params=[],headers=[],consumes=[],produces=[],custom=[]}" onto public org.springframework.http.ResponseEntity<T> demo.controller.base.CrudRestController.save(T)
2015-07-13 15:26:15.178  INFO 7112 --- [main] s.w.s.m.m.a.RequestMappingHandlerMapping : Mapped "{[/category],methods=[DELETE],params=[],headers=[],consumes=[],produces=[],custom=[]}" onto public void demo.controller.base.CrudRestController.deleteAll()
2015-07-13 15:26:15.178  INFO 7112 --- [main] s.w.s.m.m.a.RequestMappingHandlerMapping : Mapped "{[/category/all],methods=[GET],params=[],headers=[],consumes=[],produces=[],custom=[]}" onto public java.lang.Iterable<T> demo.controller.base.CrudRestController.listAll()
2015-07-13 15:26:15.178  INFO 7112 --- [main] s.w.s.m.m.a.RequestMappingHandlerMapping : Mapped "{[/error],methods=[],params=[],headers=[],consumes=[],produces=[],custom=[]}" onto public org.springframework.http.ResponseEntity<java.util.Map<java.lang.String, java.lang.Object>> org.springframework.boot.autoconfigure.web.BasicErrorController.error(javax.servlet.http.HttpServletRequest)
2015-07-13 15:26:15.178  INFO 7112 --- [main] s.w.s.m.m.a.RequestMappingHandlerMapping : Mapped "{[/error],methods=[],params=[],headers=[],consumes=[],produces=[text/html],custom=[]}" onto public org.springframework.web.servlet.ModelAndView org.springframework.boot.autoconfigure.web.BasicErrorController.errorHtml(javax.servlet.http.HttpServletRequest)
2015-07-13 15:26:15.340  INFO 7112 --- [main] s.w.s.m.m.a.RequestMappingHandlerAdapter : Looking for @ControllerAdvice: org.springframework.boot.context.embedded.AnnotationConfigEmbeddedWebApplicationContext@5fcd892a: startup date [Mon Jul 13 15:26:07 CEST 2015]; root of context hierarchy
2015-07-13 15:26:16.116  INFO 7112 --- [main] o.s.j.e.a.AnnotationMBeanExporter        : Registering beans for JMX exposure on startup
2015-07-13 15:26:16.196  INFO 7112 --- [main] s.b.c.e.t.TomcatEmbeddedServletContainer : Tomcat started on port(s): 8080 (http)
2015-07-13 15:26:16.196  INFO 7112 --- [main] demo.SpringTestApplication               : Started SpringTestApplication in 9.346 seconds (JVM running for 9.742)
2015-07-13 15:26:20.567  INFO 7112 --- [http-nio-8080-exec-1] o.a.c.c.C.[Tomcat].[localhost].[/]       : Initializing Spring FrameworkServlet 'dispatcherServlet'
2015-07-13 15:26:20.567  INFO 7112 --- [http-nio-8080-exec-1] o.s.web.servlet.DispatcherServlet        : FrameworkServlet 'dispatcherServlet': initialization started
2015-07-13 15:26:20.588  INFO 7112 --- [http-nio-8080-exec-1] o.s.web.servlet.DispatcherServlet        : FrameworkServlet 'dispatcherServlet': initialization completed in 21 ms
2015-07-13 15:28:01.628  INFO 2012 --- [main] demo.SpringTestApplication               : Starting SpringTestApplication on LT243-27 with PID 2012 (D:\Users\t_wilker\git\spring-data-elasticsearch\target\classes started by t_wilker in D:\Users\t_wilker\git\spring-data-elasticsearch)
2015-07-13 15:28:01.668  INFO 2012 --- [main] ationConfigEmbeddedWebApplicationContext : Refreshing org.springframework.boot.context.embedded.AnnotationConfigEmbeddedWebApplicationContext@5fcd892a: startup date [Mon Jul 13 15:28:01 CEST 2015]; root of context hierarchy
2015-07-13 15:28:02.966  INFO 2012 --- [main] o.s.b.f.s.DefaultListableBeanFactory     : Overriding bean definition for bean 'elasticsearchTemplate': replacing [Root bean: class [null]; scope=; abstract=false; lazyInit=false; autowireMode=3; dependencyCheck=0; autowireCandidate=true; primary=false; factoryBeanName=webConfigSupport; factoryMethodName=elasticsearchTemplate; initMethodName=null; destroyMethodName=(inferred); defined in class path resource [demo/WebConfigSupport.class]] with [Root bean: class [null]; scope=; abstract=false; lazyInit=false; autowireMode=3; dependencyCheck=0; autowireCandidate=true; primary=false; factoryBeanName=org.springframework.boot.autoconfigure.elasticsearch.ElasticsearchDataAutoConfiguration; factoryMethodName=elasticsearchTemplate; initMethodName=null; destroyMethodName=(inferred); defined in class path resource [org/springframework/boot/autoconfigure/elasticsearch/ElasticsearchDataAutoConfiguration.class]]
2015-07-13 15:28:03.739  INFO 2012 --- [main] trationDelegate$BeanPostProcessorChecker : Bean 'org.springframework.transaction.annotation.ProxyTransactionManagementConfiguration' of type [class org.springframework.transaction.annotation.ProxyTransactionManagementConfiguration$$EnhancerBySpringCGLIB$$89939103] is not eligible for getting processed by all BeanPostProcessors (for example: not eligible for auto-proxying)
2015-07-13 15:28:03.899  INFO 2012 --- [main] trationDelegate$BeanPostProcessorChecker : Bean 'transactionAttributeSource' of type [class org.springframework.transaction.annotation.AnnotationTransactionAttributeSource] is not eligible for getting processed by all BeanPostProcessors (for example: not eligible for auto-proxying)
2015-07-13 15:28:03.909  INFO 2012 --- [main] trationDelegate$BeanPostProcessorChecker : Bean 'transactionInterceptor' of type [class org.springframework.transaction.interceptor.TransactionInterceptor] is not eligible for getting processed by all BeanPostProcessors (for example: not eligible for auto-proxying)
2015-07-13 15:28:03.919  INFO 2012 --- [main] trationDelegate$BeanPostProcessorChecker : Bean 'org.springframework.transaction.config.internalTransactionAdvisor' of type [class org.springframework.transaction.interceptor.BeanFactoryTransactionAttributeSourceAdvisor] is not eligible for getting processed by all BeanPostProcessors (for example: not eligible for auto-proxying)
2015-07-13 15:28:04.409  INFO 2012 --- [main] s.b.c.e.t.TomcatEmbeddedServletContainer : Tomcat initialized with port(s): 8080 (http)
2015-07-13 15:28:04.746  INFO 2012 --- [main] o.apache.catalina.core.StandardService   : Starting service Tomcat
2015-07-13 15:28:04.746  INFO 2012 --- [main] org.apache.catalina.core.StandardEngine  : Starting Servlet Engine: Apache Tomcat/8.0.20
2015-07-13 15:28:04.868  INFO 2012 --- [localhost-startStop-1] o.a.c.c.C.[Tomcat].[localhost].[/]       : Initializing Spring embedded WebApplicationContext
2015-07-13 15:28:04.868  INFO 2012 --- [localhost-startStop-1] o.s.web.context.ContextLoader            : Root WebApplicationContext: initialization completed in 3210 ms
2015-07-13 15:28:05.018  INFO 2012 --- [localhost-startStop-1] o.s.b.c.e.ServletRegistrationBean        : Mapping servlet: 'dispatcherServlet' to [/]
2015-07-13 15:28:05.018  INFO 2012 --- [localhost-startStop-1] o.s.b.c.embedded.FilterRegistrationBean  : Mapping filter: 'characterEncodingFilter' to: [/*]
2015-07-13 15:28:05.328  INFO 2012 --- [main] j.LocalContainerEntityManagerFactoryBean : Building JPA container EntityManagerFactory for persistence unit 'default'
2015-07-13 15:28:05.348  INFO 2012 --- [main] o.hibernate.jpa.internal.util.LogHelper  : HHH000204: Processing PersistenceUnitInfo [
	name: default
	...]
2015-07-13 15:28:05.448  INFO 2012 --- [main] org.hibernate.Version                    : HHH000412: Hibernate Core {4.3.8.Final}
2015-07-13 15:28:05.448  INFO 2012 --- [main] org.hibernate.cfg.Environment            : HHH000206: hibernate.properties not found
2015-07-13 15:28:05.448  INFO 2012 --- [main] org.hibernate.cfg.Environment            : HHH000021: Bytecode provider name : javassist
2015-07-13 15:28:05.749  INFO 2012 --- [main] o.hibernate.annotations.common.Version   : HCANN000001: Hibernate Commons Annotations {4.0.5.Final}
2015-07-13 15:28:06.199  INFO 2012 --- [main] org.hibernate.dialect.Dialect            : HHH000400: Using dialect: org.hibernate.dialect.MySQL5Dialect
2015-07-13 15:28:06.391  INFO 2012 --- [main] o.h.h.i.ast.ASTQueryTranslatorFactory    : HHH000397: Using ASTQueryTranslatorFactory
2015-07-13 15:28:06.743  INFO 2012 --- [main] org.hibernate.tool.hbm2ddl.SchemaExport  : HHH000227: Running hbm2ddl schema export
2015-07-13 15:28:06.914  INFO 2012 --- [main] org.hibernate.tool.hbm2ddl.SchemaExport  : HHH000230: Schema export complete
2015-07-13 15:28:07.280  INFO 2012 --- [main] org.elasticsearch.node                   : [Sunspot] version[1.3.2], pid[2012], build[dee175d/2014-08-13T14:29:30Z]
2015-07-13 15:28:07.280  INFO 2012 --- [main] org.elasticsearch.node                   : [Sunspot] initializing ...
2015-07-13 15:28:07.286  INFO 2012 --- [main] org.elasticsearch.plugins                : [Sunspot] loaded [], sites []
2015-07-13 15:28:08.722  INFO 2012 --- [main] org.elasticsearch.node                   : [Sunspot] initialized
2015-07-13 15:28:08.722  INFO 2012 --- [main] org.elasticsearch.node                   : [Sunspot] starting ...
2015-07-13 15:28:08.722  INFO 2012 --- [main] org.elasticsearch.transport              : [Sunspot] bound_address {local[1]}, publish_address {local[1]}
2015-07-13 15:28:08.723  INFO 2012 --- [main] org.elasticsearch.discovery              : [Sunspot] elasticsearch/tz-NwkLMTv69RElqxMjbPg
2015-07-13 15:28:08.743  INFO 2012 --- [elasticsearch[Sunspot][clusterService#updateTask][T#1]] org.elasticsearch.cluster.service        : [Sunspot] new_master [Sunspot][tz-NwkLMTv69RElqxMjbPg][LT243-27][local[1]]{local=true}, reason: local-disco-initial_connect(master)
2015-07-13 15:28:08.763  INFO 2012 --- [main] org.elasticsearch.node                   : [Sunspot] started
2015-07-13 15:28:09.193  INFO 2012 --- [elasticsearch[Sunspot][clusterService#updateTask][T#1]] org.elasticsearch.gateway                : [Sunspot] recovered [1] indices into cluster_state
2015-07-13 15:28:09.971  INFO 2012 --- [main] s.w.s.m.m.a.RequestMappingHandlerMapping : Mapped "{[/book/init],methods=[GET],params=[],headers=[],consumes=[],produces=[],custom=[]}" onto public java.lang.Iterable<demo.model.Book> demo.controller.BookController.init()
2015-07-13 15:28:09.971  INFO 2012 --- [main] s.w.s.m.m.a.RequestMappingHandlerMapping : Mapped "{[/book/filter],methods=[GET],params=[],headers=[],consumes=[],produces=[],custom=[]}" onto public java.lang.Iterable<demo.model.Book> demo.controller.BookController.filter(java.util.Map<java.lang.String, java.lang.String>,java.lang.String,java.lang.Long,org.springframework.data.domain.Pageable)
2015-07-13 15:28:09.971  INFO 2012 --- [main] s.w.s.m.m.a.RequestMappingHandlerMapping : Mapped "{[/book/{id}],methods=[GET],params=[],headers=[],consumes=[],produces=[],custom=[]}" onto public java.lang.String demo.controller.base.CrudRestController.get(T,java.lang.Boolean,java.util.Set<java.lang.String>,java.util.Set<java.lang.String>) throws com.fasterxml.jackson.core.JsonProcessingException
2015-07-13 15:28:09.971  INFO 2012 --- [main] s.w.s.m.m.a.RequestMappingHandlerMapping : Mapped "{[/book/{id}],methods=[PUT],params=[],headers=[],consumes=[],produces=[],custom=[]}" onto public org.springframework.http.ResponseEntity<T> demo.controller.base.CrudRestController.update(java.lang.Long,T)
2015-07-13 15:28:09.971  INFO 2012 --- [main] s.w.s.m.m.a.RequestMappingHandlerMapping : Mapped "{[/book/{id}],methods=[DELETE],params=[],headers=[],consumes=[],produces=[],custom=[]}" onto public org.springframework.http.ResponseEntity<T> demo.controller.base.CrudRestController.delete(java.lang.Long)
2015-07-13 15:28:09.971  INFO 2012 --- [main] s.w.s.m.m.a.RequestMappingHandlerMapping : Mapped "{[/book],methods=[GET],params=[],headers=[],consumes=[],produces=[],custom=[]}" onto public org.springframework.data.domain.Page<T> demo.controller.base.CrudRestController.list(org.springframework.data.domain.Pageable)
2015-07-13 15:28:09.971  INFO 2012 --- [main] s.w.s.m.m.a.RequestMappingHandlerMapping : Mapped "{[/book],methods=[POST],params=[],headers=[],consumes=[],produces=[],custom=[]}" onto public org.springframework.http.ResponseEntity<T> demo.controller.base.CrudRestController.save(T)
2015-07-13 15:28:09.971  INFO 2012 --- [main] s.w.s.m.m.a.RequestMappingHandlerMapping : Mapped "{[/book],methods=[DELETE],params=[],headers=[],consumes=[],produces=[],custom=[]}" onto public void demo.controller.base.CrudRestController.deleteAll()
2015-07-13 15:28:09.971  INFO 2012 --- [main] s.w.s.m.m.a.RequestMappingHandlerMapping : Mapped "{[/book/all],methods=[GET],params=[],headers=[],consumes=[],produces=[],custom=[]}" onto public java.lang.Iterable<T> demo.controller.base.CrudRestController.listAll()
2015-07-13 15:28:09.971  INFO 2012 --- [main] s.w.s.m.m.a.RequestMappingHandlerMapping : Mapped "{[/category/{id}],methods=[GET],params=[],headers=[],consumes=[],produces=[],custom=[]}" onto public java.lang.String demo.controller.base.CrudRestController.get(T,java.lang.Boolean,java.util.Set<java.lang.String>,java.util.Set<java.lang.String>) throws com.fasterxml.jackson.core.JsonProcessingException
2015-07-13 15:28:09.971  INFO 2012 --- [main] s.w.s.m.m.a.RequestMappingHandlerMapping : Mapped "{[/category/{id}],methods=[PUT],params=[],headers=[],consumes=[],produces=[],custom=[]}" onto public org.springframework.http.ResponseEntity<T> demo.controller.base.CrudRestController.update(java.lang.Long,T)
2015-07-13 15:28:09.971  INFO 2012 --- [main] s.w.s.m.m.a.RequestMappingHandlerMapping : Mapped "{[/category/{id}],methods=[DELETE],params=[],headers=[],consumes=[],produces=[],custom=[]}" onto public org.springframework.http.ResponseEntity<T> demo.controller.base.CrudRestController.delete(java.lang.Long)
2015-07-13 15:28:09.971  INFO 2012 --- [main] s.w.s.m.m.a.RequestMappingHandlerMapping : Mapped "{[/category],methods=[GET],params=[],headers=[],consumes=[],produces=[],custom=[]}" onto public org.springframework.data.domain.Page<T> demo.controller.base.CrudRestController.list(org.springframework.data.domain.Pageable)
2015-07-13 15:28:09.971  INFO 2012 --- [main] s.w.s.m.m.a.RequestMappingHandlerMapping : Mapped "{[/category],methods=[POST],params=[],headers=[],consumes=[],produces=[],custom=[]}" onto public org.springframework.http.ResponseEntity<T> demo.controller.base.CrudRestController.save(T)
2015-07-13 15:28:09.972  INFO 2012 --- [main] s.w.s.m.m.a.RequestMappingHandlerMapping : Mapped "{[/category],methods=[DELETE],params=[],headers=[],consumes=[],produces=[],custom=[]}" onto public void demo.controller.base.CrudRestController.deleteAll()
2015-07-13 15:28:09.972  INFO 2012 --- [main] s.w.s.m.m.a.RequestMappingHandlerMapping : Mapped "{[/category/all],methods=[GET],params=[],headers=[],consumes=[],produces=[],custom=[]}" onto public java.lang.Iterable<T> demo.controller.base.CrudRestController.listAll()
2015-07-13 15:28:09.972  INFO 2012 --- [main] s.w.s.m.m.a.RequestMappingHandlerMapping : Mapped "{[/error],methods=[],params=[],headers=[],consumes=[],produces=[],custom=[]}" onto public org.springframework.http.ResponseEntity<java.util.Map<java.lang.String, java.lang.Object>> org.springframework.boot.autoconfigure.web.BasicErrorController.error(javax.servlet.http.HttpServletRequest)
2015-07-13 15:28:09.972  INFO 2012 --- [main] s.w.s.m.m.a.RequestMappingHandlerMapping : Mapped "{[/error],methods=[],params=[],headers=[],consumes=[],produces=[text/html],custom=[]}" onto public org.springframework.web.servlet.ModelAndView org.springframework.boot.autoconfigure.web.BasicErrorController.errorHtml(javax.servlet.http.HttpServletRequest)
2015-07-13 15:28:10.143  INFO 2012 --- [main] s.w.s.m.m.a.RequestMappingHandlerAdapter : Looking for @ControllerAdvice: org.springframework.boot.context.embedded.AnnotationConfigEmbeddedWebApplicationContext@5fcd892a: startup date [Mon Jul 13 15:28:01 CEST 2015]; root of context hierarchy
2015-07-13 15:28:10.876  INFO 2012 --- [main] o.s.j.e.a.AnnotationMBeanExporter        : Registering beans for JMX exposure on startup
2015-07-13 15:28:10.966  INFO 2012 --- [main] s.b.c.e.t.TomcatEmbeddedServletContainer : Tomcat started on port(s): 8080 (http)
2015-07-13 15:28:10.966  INFO 2012 --- [main] demo.SpringTestApplication               : Started SpringTestApplication in 9.65 seconds (JVM running for 10.077)
2015-07-13 15:28:14.436  INFO 2012 --- [http-nio-8080-exec-1] o.a.c.c.C.[Tomcat].[localhost].[/]       : Initializing Spring FrameworkServlet 'dispatcherServlet'
2015-07-13 15:28:14.436  INFO 2012 --- [http-nio-8080-exec-1] o.s.web.servlet.DispatcherServlet        : FrameworkServlet 'dispatcherServlet': initialization started
2015-07-13 15:28:14.467  INFO 2012 --- [http-nio-8080-exec-1] o.s.web.servlet.DispatcherServlet        : FrameworkServlet 'dispatcherServlet': initialization completed in 31 ms
2015-07-13 15:30:00.295  INFO 4876 --- [main] demo.SpringTestApplication               : Starting SpringTestApplication on LT243-27 with PID 4876 (D:\Users\t_wilker\git\spring-data-elasticsearch\target\classes started by t_wilker in D:\Users\t_wilker\git\spring-data-elasticsearch)
2015-07-13 15:30:00.335  INFO 4876 --- [main] ationConfigEmbeddedWebApplicationContext : Refreshing org.springframework.boot.context.embedded.AnnotationConfigEmbeddedWebApplicationContext@5fcd892a: startup date [Mon Jul 13 15:30:00 CEST 2015]; root of context hierarchy
2015-07-13 15:30:01.805  INFO 4876 --- [main] o.s.b.f.s.DefaultListableBeanFactory     : Overriding bean definition for bean 'elasticsearchTemplate': replacing [Root bean: class [null]; scope=; abstract=false; lazyInit=false; autowireMode=3; dependencyCheck=0; autowireCandidate=true; primary=false; factoryBeanName=webConfigSupport; factoryMethodName=elasticsearchTemplate; initMethodName=null; destroyMethodName=(inferred); defined in class path resource [demo/WebConfigSupport.class]] with [Root bean: class [null]; scope=; abstract=false; lazyInit=false; autowireMode=3; dependencyCheck=0; autowireCandidate=true; primary=false; factoryBeanName=org.springframework.boot.autoconfigure.elasticsearch.ElasticsearchDataAutoConfiguration; factoryMethodName=elasticsearchTemplate; initMethodName=null; destroyMethodName=(inferred); defined in class path resource [org/springframework/boot/autoconfigure/elasticsearch/ElasticsearchDataAutoConfiguration.class]]
2015-07-13 15:30:02.467  INFO 4876 --- [main] trationDelegate$BeanPostProcessorChecker : Bean 'org.springframework.transaction.annotation.ProxyTransactionManagementConfiguration' of type [class org.springframework.transaction.annotation.ProxyTransactionManagementConfiguration$$EnhancerBySpringCGLIB$$89939103] is not eligible for getting processed by all BeanPostProcessors (for example: not eligible for auto-proxying)
2015-07-13 15:30:02.627  INFO 4876 --- [main] trationDelegate$BeanPostProcessorChecker : Bean 'transactionAttributeSource' of type [class org.springframework.transaction.annotation.AnnotationTransactionAttributeSource] is not eligible for getting processed by all BeanPostProcessors (for example: not eligible for auto-proxying)
2015-07-13 15:30:02.637  INFO 4876 --- [main] trationDelegate$BeanPostProcessorChecker : Bean 'transactionInterceptor' of type [class org.springframework.transaction.interceptor.TransactionInterceptor] is not eligible for getting processed by all BeanPostProcessors (for example: not eligible for auto-proxying)
2015-07-13 15:30:02.647  INFO 4876 --- [main] trationDelegate$BeanPostProcessorChecker : Bean 'org.springframework.transaction.config.internalTransactionAdvisor' of type [class org.springframework.transaction.interceptor.BeanFactoryTransactionAttributeSourceAdvisor] is not eligible for getting processed by all BeanPostProcessors (for example: not eligible for auto-proxying)
2015-07-13 15:30:03.191  INFO 4876 --- [main] s.b.c.e.t.TomcatEmbeddedServletContainer : Tomcat initialized with port(s): 8080 (http)
2015-07-13 15:30:03.497  INFO 4876 --- [main] o.apache.catalina.core.StandardService   : Starting service Tomcat
2015-07-13 15:30:03.497  INFO 4876 --- [main] org.apache.catalina.core.StandardEngine  : Starting Servlet Engine: Apache Tomcat/8.0.20
2015-07-13 15:30:03.638  INFO 4876 --- [localhost-startStop-1] o.a.c.c.C.[Tomcat].[localhost].[/]       : Initializing Spring embedded WebApplicationContext
2015-07-13 15:30:03.638  INFO 4876 --- [localhost-startStop-1] o.s.web.context.ContextLoader            : Root WebApplicationContext: initialization completed in 3313 ms
2015-07-13 15:30:03.798  INFO 4876 --- [localhost-startStop-1] o.s.b.c.e.ServletRegistrationBean        : Mapping servlet: 'dispatcherServlet' to [/]
2015-07-13 15:30:03.808  INFO 4876 --- [localhost-startStop-1] o.s.b.c.embedded.FilterRegistrationBean  : Mapping filter: 'characterEncodingFilter' to: [/*]
2015-07-13 15:30:04.220  INFO 4876 --- [main] org.elasticsearch.node                   : [Living Brain] version[1.3.2], pid[4876], build[dee175d/2014-08-13T14:29:30Z]
2015-07-13 15:30:04.220  INFO 4876 --- [main] org.elasticsearch.node                   : [Living Brain] initializing ...
2015-07-13 15:30:04.220  INFO 4876 --- [main] org.elasticsearch.plugins                : [Living Brain] loaded [], sites []
2015-07-13 15:30:06.429  INFO 4876 --- [main] org.elasticsearch.node                   : [Living Brain] initialized
2015-07-13 15:30:06.429  INFO 4876 --- [main] org.elasticsearch.node                   : [Living Brain] starting ...
2015-07-13 15:30:06.439  INFO 4876 --- [main] org.elasticsearch.transport              : [Living Brain] bound_address {local[1]}, publish_address {local[1]}
2015-07-13 15:30:06.440  INFO 4876 --- [main] org.elasticsearch.discovery              : [Living Brain] elasticsearch/n1ORoBMeQAWVIDGTZ9pwDQ
2015-07-13 15:30:06.440  INFO 4876 --- [elasticsearch[Living Brain][clusterService#updateTask][T#1]] org.elasticsearch.cluster.service        : [Living Brain] new_master [Living Brain][n1ORoBMeQAWVIDGTZ9pwDQ][LT243-27][local[1]]{local=true}, reason: local-disco-initial_connect(master)
2015-07-13 15:30:06.470  INFO 4876 --- [main] org.elasticsearch.node                   : [Living Brain] started
2015-07-13 15:30:06.763  INFO 4876 --- [main] j.LocalContainerEntityManagerFactoryBean : Building JPA container EntityManagerFactory for persistence unit 'default'
2015-07-13 15:30:06.778  INFO 4876 --- [main] o.hibernate.jpa.internal.util.LogHelper  : HHH000204: Processing PersistenceUnitInfo [
	name: default
	...]
2015-07-13 15:30:06.894  INFO 4876 --- [main] org.hibernate.Version                    : HHH000412: Hibernate Core {4.3.8.Final}
2015-07-13 15:30:06.894  INFO 4876 --- [main] org.hibernate.cfg.Environment            : HHH000206: hibernate.properties not found
2015-07-13 15:30:06.894  INFO 4876 --- [main] org.hibernate.cfg.Environment            : HHH000021: Bytecode provider name : javassist
2015-07-13 15:30:07.066  INFO 4876 --- [elasticsearch[Living Brain][clusterService#updateTask][T#1]] org.elasticsearch.gateway                : [Living Brain] recovered [1] indices into cluster_state
2015-07-13 15:30:07.176  INFO 4876 --- [main] o.hibernate.annotations.common.Version   : HCANN000001: Hibernate Commons Annotations {4.0.5.Final}
2015-07-13 15:30:07.660  INFO 4876 --- [main] org.hibernate.dialect.Dialect            : HHH000400: Using dialect: org.hibernate.dialect.MySQL5Dialect
2015-07-13 15:30:07.801  INFO 4876 --- [main] o.h.h.i.ast.ASTQueryTranslatorFactory    : HHH000397: Using ASTQueryTranslatorFactory
2015-07-13 15:30:08.233  INFO 4876 --- [main] org.hibernate.tool.hbm2ddl.SchemaExport  : HHH000227: Running hbm2ddl schema export
2015-07-13 15:30:08.313  INFO 4876 --- [main] org.hibernate.tool.hbm2ddl.SchemaExport  : HHH000230: Schema export complete
2015-07-13 15:30:09.057  INFO 4876 --- [main] s.w.s.m.m.a.RequestMappingHandlerMapping : Mapped "{[/book/init],methods=[GET],params=[],headers=[],consumes=[],produces=[],custom=[]}" onto public java.lang.Iterable<demo.model.Book> demo.controller.BookController.init()
2015-07-13 15:30:09.057  INFO 4876 --- [main] s.w.s.m.m.a.RequestMappingHandlerMapping : Mapped "{[/book/filter],methods=[GET],params=[],headers=[],consumes=[],produces=[],custom=[]}" onto public java.lang.Iterable<demo.model.Book> demo.controller.BookController.filter(java.util.Map<java.lang.String, java.lang.String>,java.lang.String,java.lang.Long,org.springframework.data.domain.Pageable)
2015-07-13 15:30:09.057  INFO 4876 --- [main] s.w.s.m.m.a.RequestMappingHandlerMapping : Mapped "{[/book/{id}],methods=[GET],params=[],headers=[],consumes=[],produces=[],custom=[]}" onto public java.lang.String demo.controller.base.CrudRestController.get(T,java.lang.Boolean,java.util.Set<java.lang.String>,java.util.Set<java.lang.String>) throws com.fasterxml.jackson.core.JsonProcessingException
2015-07-13 15:30:09.057  INFO 4876 --- [main] s.w.s.m.m.a.RequestMappingHandlerMapping : Mapped "{[/book/{id}],methods=[PUT],params=[],headers=[],consumes=[],produces=[],custom=[]}" onto public org.springframework.http.ResponseEntity<T> demo.controller.base.CrudRestController.update(java.lang.Long,T)
2015-07-13 15:30:09.057  INFO 4876 --- [main] s.w.s.m.m.a.RequestMappingHandlerMapping : Mapped "{[/book/{id}],methods=[DELETE],params=[],headers=[],consumes=[],produces=[],custom=[]}" onto public org.springframework.http.ResponseEntity<T> demo.controller.base.CrudRestController.delete(java.lang.Long)
2015-07-13 15:30:09.057  INFO 4876 --- [main] s.w.s.m.m.a.RequestMappingHandlerMapping : Mapped "{[/book],methods=[GET],params=[],headers=[],consumes=[],produces=[],custom=[]}" onto public org.springframework.data.domain.Page<T> demo.controller.base.CrudRestController.list(org.springframework.data.domain.Pageable)
2015-07-13 15:30:09.057  INFO 4876 --- [main] s.w.s.m.m.a.RequestMappingHandlerMapping : Mapped "{[/book],methods=[POST],params=[],headers=[],consumes=[],produces=[],custom=[]}" onto public org.springframework.http.ResponseEntity<T> demo.controller.base.CrudRestController.save(T)
2015-07-13 15:30:09.057  INFO 4876 --- [main] s.w.s.m.m.a.RequestMappingHandlerMapping : Mapped "{[/book],methods=[DELETE],params=[],headers=[],consumes=[],produces=[],custom=[]}" onto public void demo.controller.base.CrudRestController.deleteAll()
2015-07-13 15:30:09.057  INFO 4876 --- [main] s.w.s.m.m.a.RequestMappingHandlerMapping : Mapped "{[/book/all],methods=[GET],params=[],headers=[],consumes=[],produces=[],custom=[]}" onto public java.lang.Iterable<T> demo.controller.base.CrudRestController.listAll()
2015-07-13 15:30:09.057  INFO 4876 --- [main] s.w.s.m.m.a.RequestMappingHandlerMapping : Mapped "{[/category/{id}],methods=[GET],params=[],headers=[],consumes=[],produces=[],custom=[]}" onto public java.lang.String demo.controller.base.CrudRestController.get(T,java.lang.Boolean,java.util.Set<java.lang.String>,java.util.Set<java.lang.String>) throws com.fasterxml.jackson.core.JsonProcessingException
2015-07-13 15:30:09.057  INFO 4876 --- [main] s.w.s.m.m.a.RequestMappingHandlerMapping : Mapped "{[/category/{id}],methods=[PUT],params=[],headers=[],consumes=[],produces=[],custom=[]}" onto public org.springframework.http.ResponseEntity<T> demo.controller.base.CrudRestController.update(java.lang.Long,T)
2015-07-13 15:30:09.057  INFO 4876 --- [main] s.w.s.m.m.a.RequestMappingHandlerMapping : Mapped "{[/category/{id}],methods=[DELETE],params=[],headers=[],consumes=[],produces=[],custom=[]}" onto public org.springframework.http.ResponseEntity<T> demo.controller.base.CrudRestController.delete(java.lang.Long)
2015-07-13 15:30:09.057  INFO 4876 --- [main] s.w.s.m.m.a.RequestMappingHandlerMapping : Mapped "{[/category],methods=[GET],params=[],headers=[],consumes=[],produces=[],custom=[]}" onto public org.springframework.data.domain.Page<T> demo.controller.base.CrudRestController.list(org.springframework.data.domain.Pageable)
2015-07-13 15:30:09.057  INFO 4876 --- [main] s.w.s.m.m.a.RequestMappingHandlerMapping : Mapped "{[/category],methods=[POST],params=[],headers=[],consumes=[],produces=[],custom=[]}" onto public org.springframework.http.ResponseEntity<T> demo.controller.base.CrudRestController.save(T)
2015-07-13 15:30:09.058  INFO 4876 --- [main] s.w.s.m.m.a.RequestMappingHandlerMapping : Mapped "{[/category],methods=[DELETE],params=[],headers=[],consumes=[],produces=[],custom=[]}" onto public void demo.controller.base.CrudRestController.deleteAll()
2015-07-13 15:30:09.058  INFO 4876 --- [main] s.w.s.m.m.a.RequestMappingHandlerMapping : Mapped "{[/category/all],methods=[GET],params=[],headers=[],consumes=[],produces=[],custom=[]}" onto public java.lang.Iterable<T> demo.controller.base.CrudRestController.listAll()
2015-07-13 15:30:09.058  INFO 4876 --- [main] s.w.s.m.m.a.RequestMappingHandlerMapping : Mapped "{[/error],methods=[],params=[],headers=[],consumes=[],produces=[],custom=[]}" onto public org.springframework.http.ResponseEntity<java.util.Map<java.lang.String, java.lang.Object>> org.springframework.boot.autoconfigure.web.BasicErrorController.error(javax.servlet.http.HttpServletRequest)
2015-07-13 15:30:09.058  INFO 4876 --- [main] s.w.s.m.m.a.RequestMappingHandlerMapping : Mapped "{[/error],methods=[],params=[],headers=[],consumes=[],produces=[text/html],custom=[]}" onto public org.springframework.web.servlet.ModelAndView org.springframework.boot.autoconfigure.web.BasicErrorController.errorHtml(javax.servlet.http.HttpServletRequest)
2015-07-13 15:30:09.288  INFO 4876 --- [main] s.w.s.m.m.a.RequestMappingHandlerAdapter : Looking for @ControllerAdvice: org.springframework.boot.context.embedded.AnnotationConfigEmbeddedWebApplicationContext@5fcd892a: startup date [Mon Jul 13 15:30:00 CEST 2015]; root of context hierarchy
2015-07-13 15:30:10.158  INFO 4876 --- [main] o.s.j.e.a.AnnotationMBeanExporter        : Registering beans for JMX exposure on startup
2015-07-13 15:30:10.239  INFO 4876 --- [main] s.b.c.e.t.TomcatEmbeddedServletContainer : Tomcat started on port(s): 8080 (http)
2015-07-13 15:30:10.249  INFO 4876 --- [main] demo.SpringTestApplication               : Started SpringTestApplication in 10.256 seconds (JVM running for 10.696)
2015-07-13 15:30:10.352  INFO 4876 --- [http-nio-8080-exec-1] o.a.c.c.C.[Tomcat].[localhost].[/]       : Initializing Spring FrameworkServlet 'dispatcherServlet'
2015-07-13 15:30:10.352  INFO 4876 --- [http-nio-8080-exec-1] o.s.web.servlet.DispatcherServlet        : FrameworkServlet 'dispatcherServlet': initialization started
2015-07-13 15:30:10.382  INFO 4876 --- [http-nio-8080-exec-1] o.s.web.servlet.DispatcherServlet        : FrameworkServlet 'dispatcherServlet': initialization completed in 20 ms
